2026-04-04 14:23:48.796 | INFO     | __main__:main:46 - Worker started. Waiting for new documents...
2026-04-04 14:24:45.244 | WARNING  | __main__:handle_exit:54 - Shutdown signal received (SIGINT/SIGTERM)
2026-04-04 14:24:45.244 | INFO     | __main__:main:67 - Starting resource cleanup...
2026-04-04 14:24:45.572 | WARNING  | __main__:handle_exit:54 - Shutdown signal received (SIGINT/SIGTERM)
2026-04-04 14:24:46.924 | WARNING  | __main__:handle_exit:54 - Shutdown signal received (SIGINT/SIGTERM)
2026-04-04 14:24:47.167 | WARNING  | __main__:handle_exit:54 - Shutdown signal received (SIGINT/SIGTERM)
2026-04-04 14:24:47.332 | WARNING  | __main__:handle_exit:54 - Shutdown signal received (SIGINT/SIGTERM)
2026-04-04 14:24:49.146 | INFO     | __main__:main:70 - Worker stopped successfully.
2026-04-04 14:34:23.904 | INFO     | __main__:main:46 - Worker started. Waiting for new documents...
2026-04-04 14:34:35.100 | WARNING  | __main__:handle_exit:54 - Shutdown signal received (SIGINT/SIGTERM)
2026-04-04 14:34:35.100 | INFO     | __main__:main:67 - Starting resource cleanup...
2026-04-04 14:34:35.307 | WARNING  | __main__:handle_exit:54 - Shutdown signal received (SIGINT/SIGTERM)
2026-04-04 14:34:39.025 | INFO     | __main__:main:70 - Worker stopped successfully.
2026-04-04 14:48:19.286 | INFO     | __main__:main:46 - Worker started. Waiting for new documents...
2026-04-04 14:52:12.736 | WARNING  | __main__:handle_exit:54 - Shutdown signal received (SIGINT/SIGTERM)
2026-04-04 14:52:12.736 | INFO     | __main__:main:67 - Starting resource cleanup...
2026-04-04 14:52:12.920 | WARNING  | __main__:handle_exit:54 - Shutdown signal received (SIGINT/SIGTERM)
2026-04-04 14:52:13.064 | WARNING  | __main__:handle_exit:54 - Shutdown signal received (SIGINT/SIGTERM)
2026-04-04 14:52:15.785 | INFO     | __main__:main:70 - Worker stopped successfully.
2026-04-04 14:54:15.702 | INFO     | __main__:main:46 - Worker started. Waiting for new documents...
2026-04-04 14:56:02.655 | WARNING  | __main__:handle_exit:54 - Shutdown signal received (SIGINT/SIGTERM)
2026-04-04 14:56:02.655 | INFO     | __main__:main:67 - Starting resource cleanup...
2026-04-04 14:56:02.887 | WARNING  | __main__:handle_exit:54 - Shutdown signal received (SIGINT/SIGTERM)
2026-04-04 14:56:02.983 | WARNING  | __main__:handle_exit:54 - Shutdown signal received (SIGINT/SIGTERM)
2026-04-04 14:56:03.119 | WARNING  | __main__:handle_exit:54 - Shutdown signal received (SIGINT/SIGTERM)
2026-04-04 14:56:03.295 | WARNING  | __main__:handle_exit:54 - Shutdown signal received (SIGINT/SIGTERM)
2026-04-04 14:56:03.903 | WARNING  | __main__:handle_exit:54 - Shutdown signal received (SIGINT/SIGTERM)
2026-04-04 14:56:04.104 | WARNING  | __main__:handle_exit:54 - Shutdown signal received (SIGINT/SIGTERM)
2026-04-04 14:56:04.255 | WARNING  | __main__:handle_exit:54 - Shutdown signal received (SIGINT/SIGTERM)
2026-04-04 14:56:06.489 | INFO     | __main__:main:70 - Worker stopped successfully.
2026-04-04 14:56:23.181 | INFO     | __main__:main:46 - Worker started. Waiting for new documents...
2026-04-04 14:57:09.485 | WARNING  | __main__:handle_exit:54 - Shutdown signal received (SIGINT/SIGTERM)
2026-04-04 14:57:09.486 | INFO     | __main__:main:67 - Starting resource cleanup...
2026-04-04 14:57:09.709 | WARNING  | __main__:handle_exit:54 - Shutdown signal received (SIGINT/SIGTERM)
2026-04-04 14:57:09.894 | WARNING  | __main__:handle_exit:54 - Shutdown signal received (SIGINT/SIGTERM)
2026-04-04 14:57:10.078 | WARNING  | __main__:handle_exit:54 - Shutdown signal received (SIGINT/SIGTERM)
2026-04-04 14:57:12.654 | WARNING  | __main__:handle_exit:54 - Shutdown signal received (SIGINT/SIGTERM)
2026-04-04 14:57:13.529 | INFO     | __main__:main:70 - Worker stopped successfully.
2026-04-04 14:59:36.482 | INFO     | __main__:main:46 - Worker started. Waiting for new documents...
2026-04-04 15:00:29.674 | WARNING  | __main__:handle_exit:54 - Shutdown signal received (SIGINT/SIGTERM)
2026-04-04 15:00:29.674 | INFO     | __main__:main:67 - Starting resource cleanup...
2026-04-04 15:00:29.881 | WARNING  | __main__:handle_exit:54 - Shutdown signal received (SIGINT/SIGTERM)
2026-04-04 15:00:31.915 | INFO     | __main__:main:70 - Worker stopped successfully.
2026-04-04 15:01:19.124 | INFO     | __main__:main:46 - Worker started. Waiting for new documents...
2026-04-04 15:01:20.951 | WARNING  | __main__:handle_exit:54 - Shutdown signal received (SIGINT/SIGTERM)
2026-04-04 15:01:20.951 | INFO     | __main__:main:67 - Starting resource cleanup...
2026-04-04 15:01:21.159 | WARNING  | __main__:handle_exit:54 - Shutdown signal received (SIGINT/SIGTERM)
2026-04-04 15:01:24.170 | INFO     | __main__:main:70 - Worker stopped successfully.
2026-04-04 15:01:25.976 | INFO     | __main__:main:46 - Worker started. Waiting for new documents...
2026-04-04 15:01:28.127 | WARNING  | __main__:handle_exit:54 - Shutdown signal received (SIGINT/SIGTERM)
2026-04-04 15:01:28.128 | INFO     | __main__:main:67 - Starting resource cleanup...
2026-04-04 15:01:28.351 | WARNING  | __main__:handle_exit:54 - Shutdown signal received (SIGINT/SIGTERM)
2026-04-04 15:01:29.328 | WARNING  | __main__:handle_exit:54 - Shutdown signal received (SIGINT/SIGTERM)
2026-04-04 15:01:29.544 | WARNING  | __main__:handle_exit:54 - Shutdown signal received (SIGINT/SIGTERM)
2026-04-04 15:01:29.736 | WARNING  | __main__:handle_exit:54 - Shutdown signal received (SIGINT/SIGTERM)
2026-04-04 15:01:29.887 | WARNING  | __main__:handle_exit:54 - Shutdown signal received (SIGINT/SIGTERM)
2026-04-04 15:01:30.079 | WARNING  | __main__:handle_exit:54 - Shutdown signal received (SIGINT/SIGTERM)
2026-04-04 15:01:31.020 | INFO     | __main__:main:70 - Worker stopped successfully.
2026-04-04 15:06:24.733 | INFO     | __main__:main:46 - Worker started. Waiting for new documents...
2026-04-04 15:06:28.575 | WARNING  | __main__:handle_exit:54 - Shutdown signal received (SIGINT/SIGTERM)
2026-04-04 15:06:28.575 | INFO     | __main__:main:67 - Starting resource cleanup...
2026-04-04 15:06:28.775 | WARNING  | __main__:handle_exit:54 - Shutdown signal received (SIGINT/SIGTERM)
2026-04-04 15:06:28.936 | WARNING  | __main__:handle_exit:54 - Shutdown signal received (SIGINT/SIGTERM)
2026-04-04 15:06:29.807 | INFO     | __main__:main:70 - Worker stopped successfully.
2026-04-04 15:06:30.737 | INFO     | __main__:main:46 - Worker started. Waiting for new documents...
2026-04-04 15:06:35.940 | WARNING  | __main__:handle_exit:54 - Shutdown signal received (SIGINT/SIGTERM)
2026-04-04 15:06:35.940 | INFO     | __main__:main:67 - Starting resource cleanup...
2026-04-04 15:06:36.228 | WARNING  | __main__:handle_exit:54 - Shutdown signal received (SIGINT/SIGTERM)
2026-04-04 15:06:40.789 | INFO     | __main__:main:70 - Worker stopped successfully.
2026-04-04 15:07:26.211 | INFO     | __main__:main:46 - Worker started. Waiting for new documents...
2026-04-04 15:07:30.537 | WARNING  | __main__:handle_exit:54 - Shutdown signal received (SIGINT/SIGTERM)
2026-04-04 15:07:30.537 | INFO     | __main__:main:67 - Starting resource cleanup...
2026-04-04 15:07:30.881 | WARNING  | __main__:handle_exit:54 - Shutdown signal received (SIGINT/SIGTERM)
2026-04-04 15:07:31.296 | INFO     | __main__:main:70 - Worker stopped successfully.
2026-04-04 15:07:32.622 | INFO     | __main__:main:46 - Worker started. Waiting for new documents...
2026-04-04 15:07:34.289 | WARNING  | __main__:handle_exit:54 - Shutdown signal received (SIGINT/SIGTERM)
2026-04-04 15:07:34.290 | INFO     | __main__:main:67 - Starting resource cleanup...
2026-04-04 15:07:34.521 | WARNING  | __main__:handle_exit:54 - Shutdown signal received (SIGINT/SIGTERM)
2026-04-04 15:07:34.738 | WARNING  | __main__:handle_exit:54 - Shutdown signal received (SIGINT/SIGTERM)
2026-04-04 15:07:34.961 | WARNING  | __main__:handle_exit:54 - Shutdown signal received (SIGINT/SIGTERM)
2026-04-04 15:07:35.250 | WARNING  | __main__:handle_exit:54 - Shutdown signal received (SIGINT/SIGTERM)
2026-04-04 15:07:37.641 | INFO     | __main__:main:70 - Worker stopped successfully.
2026-04-04 15:08:30.054 | INFO     | __main__:main:46 - Worker started. Waiting for new documents...
2026-04-04 15:08:37.528 | WARNING  | __main__:handle_exit:54 - Shutdown signal received (SIGINT/SIGTERM)
2026-04-04 15:08:37.528 | INFO     | __main__:main:67 - Starting resource cleanup...
2026-04-04 15:08:37.712 | WARNING  | __main__:handle_exit:54 - Shutdown signal received (SIGINT/SIGTERM)
2026-04-04 15:08:37.896 | WARNING  | __main__:handle_exit:54 - Shutdown signal received (SIGINT/SIGTERM)
2026-04-04 15:08:40.149 | INFO     | __main__:main:70 - Worker stopped successfully.
2026-04-04 15:08:41.029 | INFO     | __main__:main:46 - Worker started. Waiting for new documents...
2026-04-04 15:08:43.425 | WARNING  | __main__:handle_exit:54 - Shutdown signal received (SIGINT/SIGTERM)
2026-04-04 15:08:43.426 | INFO     | __main__:main:67 - Starting resource cleanup...
2026-04-04 15:08:43.644 | WARNING  | __main__:handle_exit:54 - Shutdown signal received (SIGINT/SIGTERM)
2026-04-04 15:08:43.769 | WARNING  | __main__:handle_exit:54 - Shutdown signal received (SIGINT/SIGTERM)
2026-04-04 15:08:46.088 | INFO     | __main__:main:70 - Worker stopped successfully.
2026-04-04 15:08:51.944 | INFO     | __main__:main:46 - Worker started. Waiting for new documents...
2026-04-04 15:08:53.563 | WARNING  | __main__:handle_exit:54 - Shutdown signal received (SIGINT/SIGTERM)
2026-04-04 15:08:53.564 | INFO     | __main__:main:67 - Starting resource cleanup...
2026-04-04 15:08:53.756 | WARNING  | __main__:handle_exit:54 - Shutdown signal received (SIGINT/SIGTERM)
2026-04-04 15:08:56.960 | INFO     | __main__:main:70 - Worker stopped successfully.
2026-04-04 15:09:22.949 | INFO     | __main__:main:46 - Worker started. Waiting for new documents...
2026-04-04 15:09:33.200 | WARNING  | __main__:handle_exit:54 - Shutdown signal received (SIGINT/SIGTERM)
2026-04-04 15:09:33.200 | INFO     | __main__:main:67 - Starting resource cleanup...
2026-04-04 15:09:33.408 | WARNING  | __main__:handle_exit:54 - Shutdown signal received (SIGINT/SIGTERM)
2026-04-04 15:09:33.576 | WARNING  | __main__:handle_exit:54 - Shutdown signal received (SIGINT/SIGTERM)
2026-04-04 15:09:38.024 | INFO     | __main__:main:70 - Worker stopped successfully.
2026-04-04 15:09:39.008 | INFO     | __main__:main:46 - Worker started. Waiting for new documents...
2026-04-04 15:09:41.857 | WARNING  | __main__:handle_exit:54 - Shutdown signal received (SIGINT/SIGTERM)
2026-04-04 15:09:41.857 | INFO     | __main__:main:67 - Starting resource cleanup...
2026-04-04 15:09:42.089 | WARNING  | __main__:handle_exit:54 - Shutdown signal received (SIGINT/SIGTERM)
2026-04-04 15:09:42.249 | WARNING  | __main__:handle_exit:54 - Shutdown signal received (SIGINT/SIGTERM)
2026-04-04 15:09:42.561 | WARNING  | __main__:handle_exit:54 - Shutdown signal received (SIGINT/SIGTERM)
2026-04-04 15:09:44.064 | INFO     | __main__:main:70 - Worker stopped successfully.
2026-04-04 15:09:44.255 | INFO     | __main__:main:46 - Worker started. Waiting for new documents...
2026-04-04 15:10:29.618 | WARNING  | __main__:handle_exit:54 - Shutdown signal received (SIGINT/SIGTERM)
2026-04-04 15:10:29.619 | INFO     | __main__:main:67 - Starting resource cleanup...
2026-04-04 15:10:29.850 | WARNING  | __main__:handle_exit:54 - Shutdown signal received (SIGINT/SIGTERM)
2026-04-04 15:10:30.002 | WARNING  | __main__:handle_exit:54 - Shutdown signal received (SIGINT/SIGTERM)
2026-04-04 15:10:30.202 | WARNING  | __main__:handle_exit:54 - Shutdown signal received (SIGINT/SIGTERM)
2026-04-04 15:10:34.602 | INFO     | __main__:main:70 - Worker stopped successfully.
2026-04-04 15:14:55.183 | INFO     | __main__:main:46 - Worker started. Waiting for new documents...
2026-04-04 15:14:59.427 | WARNING  | __main__:handle_exit:54 - Shutdown signal received (SIGINT/SIGTERM)
2026-04-04 15:14:59.428 | INFO     | __main__:main:67 - Starting resource cleanup...
2026-04-04 15:14:59.429 | WARNING  | __main__:handle_exit:54 - Shutdown signal received (SIGINT/SIGTERM)
2026-04-04 15:15:00.227 | INFO     | __main__:main:70 - Worker stopped successfully.
2026-04-04 15:15:22.503 | INFO     | __main__:main:46 - Worker started. Waiting for new documents...
2026-04-04 15:15:28.116 | WARNING  | __main__:handle_exit:54 - Shutdown signal received (SIGINT/SIGTERM)
2026-04-04 15:15:28.116 | INFO     | __main__:main:67 - Starting resource cleanup...
2026-04-04 15:15:28.117 | WARNING  | __main__:handle_exit:54 - Shutdown signal received (SIGINT/SIGTERM)
2026-04-04 15:15:32.546 | INFO     | __main__:main:70 - Worker stopped successfully.
2026-04-04 15:15:39.871 | INFO     | __main__:main:46 - Worker started. Waiting for new documents...
2026-04-04 15:15:42.132 | WARNING  | __main__:handle_exit:54 - Shutdown signal received (SIGINT/SIGTERM)
2026-04-04 15:15:42.132 | INFO     | __main__:main:67 - Starting resource cleanup...
2026-04-04 15:15:42.133 | WARNING  | __main__:handle_exit:54 - Shutdown signal received (SIGINT/SIGTERM)
2026-04-04 15:15:44.925 | INFO     | __main__:main:70 - Worker stopped successfully.
2026-04-04 15:16:25.533 | INFO     | __main__:main:46 - Worker started. Waiting for new documents...
2026-04-04 15:24:40.256 | WARNING  | __main__:handle_exit:54 - Shutdown signal received (SIGINT/SIGTERM)
2026-04-04 15:24:40.257 | INFO     | __main__:main:67 - Starting resource cleanup...
2026-04-04 15:24:40.258 | WARNING  | __main__:handle_exit:54 - Shutdown signal received (SIGINT/SIGTERM)
2026-04-04 15:24:41.775 | INFO     | __main__:main:46 - Worker started. Waiting for new documents...
2026-04-04 15:24:43.957 | INFO     | __main__:main:70 - Worker stopped successfully.
2026-04-04 15:24:54.297 | WARNING  | __main__:handle_exit:54 - Shutdown signal received (SIGINT/SIGTERM)
2026-04-04 15:24:54.297 | INFO     | __main__:main:67 - Starting resource cleanup...
2026-04-04 15:24:54.298 | WARNING  | __main__:handle_exit:54 - Shutdown signal received (SIGINT/SIGTERM)
2026-04-04 15:24:56.557 | INFO     | __main__:main:46 - Worker started. Waiting for new documents...
2026-04-04 15:24:56.950 | INFO     | __main__:main:70 - Worker stopped successfully.
2026-04-04 15:27:59.542 | WARNING  | __main__:handle_exit:54 - Shutdown signal received (SIGINT/SIGTERM)
2026-04-04 15:27:59.542 | INFO     | __main__:main:67 - Starting resource cleanup...
2026-04-04 15:27:59.543 | WARNING  | __main__:handle_exit:54 - Shutdown signal received (SIGINT/SIGTERM)
2026-04-04 15:28:00.526 | INFO     | __main__:main:46 - Worker started. Waiting for new documents...
2026-04-04 15:28:02.831 | INFO     | __main__:main:70 - Worker stopped successfully.
2026-04-04 15:28:05.942 | WARNING  | __main__:handle_exit:54 - Shutdown signal received (SIGINT/SIGTERM)
2026-04-04 15:28:05.942 | INFO     | __main__:main:67 - Starting resource cleanup...
2026-04-04 15:28:05.943 | WARNING  | __main__:handle_exit:54 - Shutdown signal received (SIGINT/SIGTERM)
2026-04-04 15:28:07.013 | INFO     | __main__:main:46 - Worker started. Waiting for new documents...
2026-04-04 15:28:10.587 | INFO     | __main__:main:70 - Worker stopped successfully.
2026-04-04 15:28:15.407 | INFO     | __main__:process_document:18 - Iniciando procesamiento de trabajo
2026-04-04 15:28:15.407 | INFO     | __main__:process_document:19 - Iniciando procesamiento de: document.created
2026-04-04 15:28:17.410 | SUCCESS  | __main__:process_document:27 - Trabajo finalizado con éxito
2026-04-04 15:28:47.774 | WARNING  | __main__:handle_exit:54 - Shutdown signal received (SIGINT/SIGTERM)
2026-04-04 15:28:47.775 | INFO     | __main__:main:67 - Starting resource cleanup...
2026-04-04 15:28:47.775 | WARNING  | __main__:handle_exit:54 - Shutdown signal received (SIGINT/SIGTERM)
2026-04-04 15:28:52.675 | INFO     | __main__:main:70 - Worker stopped successfully.
2026-04-04 15:29:20.218 | INFO     | __main__:main:46 - Worker started. Waiting for new documents...
2026-04-04 15:29:40.406 | INFO     | __main__:process_document:18 - Iniciando procesamiento de trabajo
2026-04-04 15:29:40.406 | INFO     | __main__:process_document:19 - Iniciando procesamiento de: document.created
2026-04-04 15:29:42.407 | SUCCESS  | __main__:process_document:27 - Trabajo finalizado con éxito
2026-04-04 15:30:10.959 | WARNING  | __main__:handle_exit:54 - Shutdown signal received (SIGINT/SIGTERM)
2026-04-04 15:30:10.960 | INFO     | __main__:main:67 - Starting resource cleanup...
2026-04-04 15:30:10.960 | WARNING  | __main__:handle_exit:54 - Shutdown signal received (SIGINT/SIGTERM)
2026-04-04 15:30:12.630 | INFO     | __main__:main:70 - Worker stopped successfully.
